     1 00000000                                 [FORMAT "WCOFF"]
     2 00000000                                 [INSTRSET "i486p"]
     3 00000000                                 [OPTIMIZE 1]
     4 00000000                                 [OPTION 1]
     5 00000000                                 [BITS 32]
     6 00000000                                 [FILE "Chinese.c"]
     7                                          [SECTION .data]
     8 00000000                                 _keytable:
     9 00000000 00                              	DB	0
    10 00000001 00                              	DB	0
    11 00000002 21                              	DB	33
    12 00000003 40                              	DB	64
    13 00000004 23                              	DB	35
    14 00000005 24                              	DB	36
    15 00000006 25                              	DB	37
    16 00000007 5E                              	DB	94
    17 00000008 26                              	DB	38
    18 00000009 2A                              	DB	42
    19 0000000A 28                              	DB	40
    20 0000000B 29                              	DB	41
    21 0000000C 5F                              	DB	95
    22 0000000D 2B                              	DB	43
    23 0000000E 08                              	DB	8
    24 0000000F 00                              	DB	0
    25 00000010 51                              	DB	81
    26 00000011 57                              	DB	87
    27 00000012 45                              	DB	69
    28 00000013 52                              	DB	82
    29 00000014 54                              	DB	84
    30 00000015 59                              	DB	89
    31 00000016 55                              	DB	85
    32 00000017 49                              	DB	73
    33 00000018 4F                              	DB	79
    34 00000019 50                              	DB	80
    35 0000001A 7B                              	DB	123
    36 0000001B 7D                              	DB	125
    37 0000001C 0A                              	DB	10
    38 0000001D 00                              	DB	0
    39 0000001E 41                              	DB	65
    40 0000001F 53                              	DB	83
    41 00000020 44                              	DB	68
    42 00000021 46                              	DB	70
    43 00000022 47                              	DB	71
    44 00000023 48                              	DB	72
    45 00000024 4A                              	DB	74
    46 00000025 4B                              	DB	75
    47 00000026 4C                              	DB	76
    48 00000027 3A                              	DB	58
    49 00000028 22                              	DB	34
    50 00000029 00                              	DB	0
    51 0000002A 00                              	DB	0
    52 0000002B 7C                              	DB	124
    53 0000002C 5A                              	DB	90
    54 0000002D 58                              	DB	88
    55 0000002E 43                              	DB	67
    56 0000002F 56                              	DB	86
    57 00000030 42                              	DB	66
    58 00000031 4E                              	DB	78
    59 00000032 4D                              	DB	77
    60 00000033 3C                              	DB	60
    61 00000034 3E                              	DB	62
    62 00000035 3F                              	DB	63
    63 00000036 00                              	DB	0
    64 00000037 2A                              	DB	42
    65 00000038 00                              	DB	0
    66 00000039 20                              	DB	32
    67 0000003A 61                              	DB	97
    68 0000003B 00                              	DB	0
    69 0000003C 00                              	DB	0
    70 0000003D 00                              	DB	0
    71 0000003E 00                              	DB	0
    72 0000003F 00                              	DB	0
    73 00000040 00                              	DB	0
    74 00000041 00                              	DB	0
    75 00000042 00                              	DB	0
    76 00000043 00                              	DB	0
    77 00000044 00                              	DB	0
    78 00000045 00                              	DB	0
    79 00000046 00                              	DB	0
    80 00000047 37                              	DB	55
    81 00000048 38                              	DB	56
    82 00000049 39                              	DB	57
    83 0000004A 2D                              	DB	45
    84 0000004B 34                              	DB	52
    85 0000004C 35                              	DB	53
    86 0000004D 36                              	DB	54
    87 0000004E 2B                              	DB	43
    88 0000004F 31                              	DB	49
    89 00000050 32                              	DB	50
    90 00000051 33                              	DB	51
    91 00000052 30                              	DB	48
    92 00000053 2E                              	DB	46
    93 00000054                                 _keytable1:
    94 00000054 00                              	DB	0
    95 00000055 00                              	DB	0
    96 00000056 31                              	DB	49
    97 00000057 32                              	DB	50
    98 00000058 33                              	DB	51
    99 00000059 34                              	DB	52
   100 0000005A 35                              	DB	53
   101 0000005B 36                              	DB	54
   102 0000005C 37                              	DB	55
   103 0000005D 38                              	DB	56
   104 0000005E 39                              	DB	57
   105 0000005F 30                              	DB	48
   106 00000060 2D                              	DB	45
   107 00000061 3D                              	DB	61
   108 00000062 08                              	DB	8
   109 00000063 00                              	DB	0
   110 00000064 71                              	DB	113
   111 00000065 77                              	DB	119
   112 00000066 65                              	DB	101
   113 00000067 72                              	DB	114
   114 00000068 74                              	DB	116
   115 00000069 79                              	DB	121
   116 0000006A 75                              	DB	117
   117 0000006B 69                              	DB	105
   118 0000006C 6F                              	DB	111
   119 0000006D 70                              	DB	112
   120 0000006E 5B                              	DB	91
   121 0000006F 5D                              	DB	93
   122 00000070 0A                              	DB	10
   123 00000071 00                              	DB	0
   124 00000072 61                              	DB	97
   125 00000073 73                              	DB	115
   126 00000074 64                              	DB	100
   127 00000075 66                              	DB	102
   128 00000076 67                              	DB	103
   129 00000077 68                              	DB	104
   130 00000078 6A                              	DB	106
   131 00000079 6B                              	DB	107
   132 0000007A 6C                              	DB	108
   133 0000007B 3B                              	DB	59
   134 0000007C 27                              	DB	39
   135 0000007D 00                              	DB	0
   136 0000007E 00                              	DB	0
   137 0000007F 5C                              	DB	92
   138 00000080 7A                              	DB	122
   139 00000081 78                              	DB	120
   140 00000082 63                              	DB	99
   141 00000083 76                              	DB	118
   142 00000084 62                              	DB	98
   143 00000085 6E                              	DB	110
   144 00000086 6D                              	DB	109
   145 00000087 2C                              	DB	44
   146 00000088 2E                              	DB	46
   147 00000089 2F                              	DB	47
   148 0000008A 00                              	DB	0
   149 0000008B 2A                              	DB	42
   150 0000008C 00                              	DB	0
   151 0000008D 20                              	DB	32
   152 0000008E 46                              	DB	70
   153 0000008F 00                              	DB	0
   154 00000090 00                              	DB	0
   155 00000091 00                              	DB	0
   156 00000092 00                              	DB	0
   157 00000093 00                              	DB	0
   158 00000094 00                              	DB	0
   159 00000095 00                              	DB	0
   160 00000096 00                              	DB	0
   161 00000097 00                              	DB	0
   162 00000098 00                              	DB	0
   163 00000099 00                              	DB	0
   164 0000009A 00                              	DB	0
   165 0000009B 37                              	DB	55
   166 0000009C 38                              	DB	56
   167 0000009D 39                              	DB	57
   168 0000009E 2D                              	DB	45
   169 0000009F 34                              	DB	52
   170 000000A0 35                              	DB	53
   171 000000A1 36                              	DB	54
   172 000000A2 2B                              	DB	43
   173 000000A3 31                              	DB	49
   174 000000A4 32                              	DB	50
   175 000000A5 33                              	DB	51
   176 000000A6 30                              	DB	48
   177 000000A7 2E                              	DB	46
   178                                          [SECTION .text]
   179 00000000                                 	GLOBAL	_ChineseMain
   180 00000000                                 _ChineseMain:
   181 00000000 55                              	PUSH	EBP
   182 00000001 89 E5                           	MOV	EBP,ESP
   183 00000003 5D                              	POP	EBP
   184 00000004 C3                              	RET
